[debug] Running TaskDef(example.ListsSuite, org.scalatest.tools.Framework$$anon$1@687f7c81, false, [SuiteSelector])
[info] Run completed in 331 milliseconds.
[info] Total number of tests run: 6
[info] Suites: completed 1, aborted 0
[info] Tests: succeeded 4, failed 2, canceled 0, ignored 0, pending 0
[info] *** 2 TESTS FAILED ***
[error] Failed tests:
[error] 	example.ListsSuite
[error] (test:test) sbt.TestsFailedException: Tests unsuccessful
